build/app/intermediates/manifest_merge_blame_file/release/manifest-merger-blame-release-report.txt
1<?xml version="1.0" encoding="utf-8"?>
2<manifest xmlns:android="http://schemas.android.com/apk/res/android"
3    package="com.signify.hue.reactivebleexample"
4    android:versionCode="1"
5    android:versionName="1.0" >
6
7    <uses-sdk
8        android:minSdkVersion="21"
8-->src/main/AndroidManifest.xml
9        android:targetSdkVersion="31" />
9-->src/main/AndroidManifest.xml
10
11    <uses-permission android:name="android.permission.INTERNET" />
11-->src/main/AndroidManifest.xml:4:5-67
11-->src/main/AndroidManifest.xml:4:22-64
12    <!-- required for API 18 - 30 -->
13    <uses-permission
13-->src/main/AndroidManifest.xml:6:5-8:42
14        android:name="android.permission.BLUETOOTH"
14-->src/main/AndroidManifest.xml:7:13-56
15        android:maxSdkVersion="30" />
15-->src/main/AndroidManifest.xml:8:13-39
16    <uses-permission
16-->src/main/AndroidManifest.xml:9:5-11:42
17        android:name="android.permission.BLUETOOTH_ADMIN"
17-->src/main/AndroidManifest.xml:10:13-62
18        android:maxSdkVersion="30" />
18-->src/main/AndroidManifest.xml:11:13-39
19
20    <!-- required for API 23 - 30 -->
21    <uses-permission-sdk-23
21-->src/main/AndroidManifest.xml:14:5-16:42
22        android:name="android.permission.ACCESS_COARSE_LOCATION"
22-->src/main/AndroidManifest.xml:15:13-69
23        android:maxSdkVersion="30" />
23-->src/main/AndroidManifest.xml:16:13-39
24    <uses-permission-sdk-23
24-->src/main/AndroidManifest.xml:17:5-19:42
25        android:name="android.permission.ACCESS_FINE_LOCATION"
25-->src/main/AndroidManifest.xml:18:13-67
26        android:maxSdkVersion="30" />
26-->src/main/AndroidManifest.xml:19:13-39
27
28    <!-- API 31+ -->
29    <uses-permission android:name="android.permission.BLUETOOTH_CONNECT" />
29-->src/main/AndroidManifest.xml:22:5-76
29-->src/main/AndroidManifest.xml:22:22-73
30    <uses-permission
30-->src/main/AndroidManifest.xml:23:5-25:62
31        android:name="android.permission.BLUETOOTH_SCAN"
31-->src/main/AndroidManifest.xml:24:13-61
32        android:usesPermissionFlags="neverForLocation" />
32-->src/main/AndroidManifest.xml:25:13-59
33
34    <meta-data
34-->src/main/AndroidManifest.xml:46:5-48:29
35        android:name="flutterEmbedding"
35-->src/main/AndroidManifest.xml:47:9-40
36        android:value="2" />
36-->src/main/AndroidManifest.xml:48:9-26
37
38    <application
38-->src/main/AndroidManifest.xml:27:5-44:19
39        android:appComponentFactory="androidx.core.app.CoreComponentFactory"
39-->[androidx.core:core:1.6.0] AndroidManifest.xml:24:18-86
40        android:icon="@mipmap/ic_launcher"
40-->src/main/AndroidManifest.xml:29:9-43
41        android:label="TRAKR" >
41-->src/main/AndroidManifest.xml:28:9-30
42        <activity
42-->src/main/AndroidManifest.xml:30:9-43:20
43            android:name="com.signify.hue.reactivebleexample.MainActivity"
43-->src/main/AndroidManifest.xml:31:13-75
44            android:configChanges="orientation|keyboardHidden|keyboard|screenSize|locale|layoutDirection|fontScale|screenLayout|density"
44-->src/main/AndroidManifest.xml:34:13-137
45            android:exported="true"
45-->src/main/AndroidManifest.xml:37:13-36
46            android:hardwareAccelerated="true"
46-->src/main/AndroidManifest.xml:35:13-47
47            android:launchMode="singleTop"
47-->src/main/AndroidManifest.xml:32:13-43
48            android:theme="@style/LaunchTheme"
48-->src/main/AndroidManifest.xml:33:13-47
49            android:windowSoftInputMode="adjustResize" >
49-->src/main/AndroidManifest.xml:36:13-55
50            <intent-filter>
50-->src/main/AndroidManifest.xml:39:13-42:29
51                <action android:name="android.intent.action.MAIN" />
51-->src/main/AndroidManifest.xml:40:17-68
51-->src/main/AndroidManifest.xml:40:25-66
52
53                <category android:name="android.intent.category.LAUNCHER" />
53-->src/main/AndroidManifest.xml:41:17-76
53-->src/main/AndroidManifest.xml:41:27-74
54            </intent-filter>
55        </activity>
56
57        <uses-library
57-->[androidx.window:window:1.0.0-beta04] AndroidManifest.xml:25:9-27:40
58            android:name="androidx.window.extensions"
58-->[androidx.window:window:1.0.0-beta04] AndroidManifest.xml:26:13-54
59            android:required="false" />
59-->[androidx.window:window:1.0.0-beta04] AndroidManifest.xml:27:13-37
60        <uses-library
60-->[androidx.window:window:1.0.0-beta04] AndroidManifest.xml:28:9-30:40
61            android:name="androidx.window.sidecar"
61-->[androidx.window:window:1.0.0-beta04] AndroidManifest.xml:29:13-51
62            android:required="false" />
62-->[androidx.window:window:1.0.0-beta04] AndroidManifest.xml:30:13-37
63    </application>
64
65</manifest>